# JRE version: OpenJDK Runtime Environment (8.0_202-b03) (build 1.8.0_202-release-1483-b03)
# Java VM: OpenJDK 64-Bit Server VM (25.202-b03 mixed mode windows-amd64 compressed oops)
Heap:
 PSYoungGen      total 1234432K, used 365086K [0x0000000760000000, 0x00000007c0000000, 0x00000007c0000000)
  eden space 1204224K, 30% used [0x0000000760000000,0x00000007764878d0,0x00000007a9800000)
  from space 30208K, 0% used [0x00000007ae700000,0x00000007ae700000,0x00000007b0480000)
  to   space 80896K, 0% used [0x00000007a9800000,0x00000007a9800000,0x00000007ae700000)
 ParOldGen       total 205312K, used 97602K [0x00000006a0000000, 0x00000006ac880000, 0x0000000760000000)
  object space 205312K, 47% used [0x00000006a0000000,0x00000006a5f50998,0x00000006ac880000)
 Metaspace       used 135692K, capacity 142678K, committed 143704K, reserved 1175552K
  class space    used 16928K, capacity 18102K, committed 18304K, reserved 1048576K
GC Heap History (10 events):
Event: 37158.037 GC heap before
{Heap before GC invocations=80 (full 7):
 PSYoungGen      total 1266176K, used 1235968K [0x0000000760000000, 0x00000007b2600000, 0x00000007c0000000)
  eden space 1235968K, 100% used [0x0000000760000000,0x00000007ab700000,0x00000007ab700000)
  from space 30208K, 0% used [0x00000007ae700000,0x00000007ae700000,0x00000007b0480000)
  to   space 49152K, 0% used [0x00000007ab700000,0x00000007ab700000,0x00000007ae700000)
 ParOldGen       total 195072K, used 103335K [0x00000006a0000000, 0x00000006abe80000, 0x0000000760000000)
  object space 195072K, 52% used [0x00000006a0000000,0x00000006a64e9d78,0x00000006abe80000)
 Metaspace       used 134456K, capacity 141094K, committed 143704K, reserved 1175552K
  class space    used 16738K, capacity 17841K, committed 18304K, reserved 1048576K
Event: 37172.903 GC heap after
Heap after GC invocations=80 (full 7):
 PSYoungGen      total 1285120K, used 35985K [0x0000000760000000, 0x00000007b2600000, 0x00000007c0000000)
  eden space 1235968K, 0% used [0x0000000760000000,0x0000000760000000,0x00000007ab700000)
  from space 49152K, 73% used [0x00000007ab700000,0x00000007ada24488,0x00000007ae700000)
  to   space 30208K, 0% used [0x00000007ae700000,0x00000007ae700000,0x00000007b0480000)
 ParOldGen       total 195072K, used 103335K [0x00000006a0000000, 0x00000006abe80000, 0x0000000760000000)
  object space 195072K, 52% used [0x00000006a0000000,0x00000006a64e9d78,0x00000006abe80000)
 Metaspace       used 134456K, capacity 141094K, committed 143704K, reserved 1175552K
  class space    used 16738K, capacity 17841K, committed 18304K, reserved 1048576K
}
Event: 37206.161 GC heap before
{Heap before GC invocations=81 (full 7):
 PSYoungGen      total 1285120K, used 1271953K [0x0000000760000000, 0x00000007b2600000, 0x00000007c0000000)
  eden space 1235968K, 100% used [0x0000000760000000,0x00000007ab700000,0x00000007ab700000)
  from space 49152K, 73% used [0x00000007ab700000,0x00000007ada24488,0x00000007ae700000)
  to   space 30208K, 0% used [0x00000007ae700000,0x00000007ae700000,0x00000007b0480000)
 ParOldGen       total 195072K, used 103335K [0x00000006a0000000, 0x00000006abe80000, 0x0000000760000000)
  object space 195072K, 52% used [0x00000006a0000000,0x00000006a64e9f30,0x00000006abe80000)
 Metaspace       used 134460K, capacity 141094K, committed 143704K, reserved 1175552K
  class space    used 16738K, capacity 17841K, committed 18304K, reserved 1048576K
Event: 37214.305 GC heap after
Heap after GC invocations=81 (full 7):
 PSYoungGen      total 1266176K, used 5565K [0x0000000760000000, 0x00000007b2600000, 0x00000007c0000000)
  eden space 1235968K, 0% used [0x0000000760000000,0x0000000760000000,0x00000007ab700000)
  from space 30208K, 18% used [0x00000007ae700000,0x00000007aec6f6c8,0x00000007b0480000)
  to   space 49152K, 0% used [0x00000007ab700000,0x00000007ab700000,0x00000007ae700000)
 ParOldGen       total 195072K, used 117998K [0x00000006a0000000, 0x00000006abe80000, 0x0000000760000000)
  object space 195072K, 60% used [0x00000006a0000000,0x00000006a733ba70,0x00000006abe80000)
 Metaspace       used 134460K, capacity 141094K, committed 143704K, reserved 1175552K
  class space    used 16738K, capacity 17841K, committed 18304K, reserved 1048576K
}
Event: 37289.462 GC heap before
{Heap before GC invocations=82 (full 7):
 PSYoungGen      total 1266176K, used 1241533K [0x0000000760000000, 0x00000007b2600000, 0x00000007c0000000)
  eden space 1235968K, 100% used [0x0000000760000000,0x00000007ab700000,0x00000007ab700000)
  from space 30208K, 18% used [0x00000007ae700000,0x00000007aec6f6c8,0x00000007b0480000)
  to   space 49152K, 0% used [0x00000007ab700000,0x00000007ab700000,0x00000007ae700000)
 ParOldGen       total 195072K, used 118000K [0x00000006a0000000, 0x00000006abe80000, 0x0000000760000000)
  object space 195072K, 60% used [0x00000006a0000000,0x00000006a733c348,0x00000006abe80000)
 Metaspace       used 134640K, capacity 141388K, committed 143704K, reserved 1175552K
  class space    used 16765K, capacity 17890K, committed 18304K, reserved 1048576K
Event: 37293.530 GC heap after
Heap after GC invocations=82 (full 7):
 PSYoungGen      total 1285120K, used 49120K [0x0000000760000000, 0x00000007b2600000, 0x00000007c0000000)
  eden space 1235968K, 0% used [0x0000000760000000,0x0000000760000000,0x00000007ab700000)
  from space 49152K, 99% used [0x00000007ab700000,0x00000007ae6f8288,0x00000007ae700000)
  to   space 30208K, 0% used [0x00000007ae700000,0x00000007ae700000,0x00000007b0480000)
 ParOldGen       total 195072K, used 134724K [0x00000006a0000000, 0x00000006abe80000, 0x0000000760000000)
  object space 195072K, 69% used [0x00000006a0000000,0x00000006a8391078,0x00000006abe80000)
 Metaspace       used 134640K, capacity 141388K, committed 143704K, reserved 1175552K
  class space    used 16765K, capacity 17890K, committed 18304K, reserved 1048576K
}
Event: 38673.414 GC heap before
{Heap before GC invocations=83 (full 7):
 PSYoungGen      total 1285120K, used 1285088K [0x0000000760000000, 0x00000007b2600000, 0x00000007c0000000)
  eden space 1235968K, 100% used [0x0000000760000000,0x00000007ab700000,0x00000007ab700000)
  from space 49152K, 99% used [0x00000007ab700000,0x00000007ae6f8288,0x00000007ae700000)
  to   space 30208K, 0% used [0x00000007ae700000,0x00000007ae700000,0x00000007b0480000)
 ParOldGen       total 195072K, used 134724K [0x00000006a0000000, 0x00000006abe80000, 0x0000000760000000)
  object space 195072K, 69% used [0x00000006a0000000,0x00000006a8391078,0x00000006abe80000)
 Metaspace       used 135309K, capacity 142342K, committed 143704K, reserved 1175552K
  class space    used 16857K, capacity 18046K, committed 18304K, reserved 1048576K
Event: 38688.456 GC heap after
Heap after GC invocations=83 (full 7):
 PSYoungGen      total 1234432K, used 30178K [0x0000000760000000, 0x00000007c0000000, 0x00000007c0000000)
  eden space 1204224K, 0% used [0x0000000760000000,0x0000000760000000,0x00000007a9800000)
  from space 30208K, 99% used [0x00000007ae700000,0x00000007b04789e8,0x00000007b0480000)
  to   space 80896K, 0% used [0x00000007a9800000,0x00000007a9800000,0x00000007ae700000)
 ParOldGen       total 195072K, used 187240K [0x00000006a0000000, 0x00000006abe80000, 0x0000000760000000)
  object space 195072K, 95% used [0x00000006a0000000,0x00000006ab6da258,0x00000006abe80000)
 Metaspace       used 135309K, capacity 142342K, committed 143704K, reserved 1175552K
  class space    used 16857K, capacity 18046K, committed 18304K, reserved 1048576K
}
Event: 38688.532 GC heap before
{Heap before GC invocations=84 (full 8):
 PSYoungGen      total 1234432K, used 30178K [0x0000000760000000, 0x00000007c0000000, 0x00000007c0000000)
  eden space 1204224K, 0% used [0x0000000760000000,0x0000000760000000,0x00000007a9800000)
  from space 30208K, 99% used [0x00000007ae700000,0x00000007b04789e8,0x00000007b0480000)
  to   space 80896K, 0% used [0x00000007a9800000,0x00000007a9800000,0x00000007ae700000)
 ParOldGen       total 195072K, used 187240K [0x00000006a0000000, 0x00000006abe80000, 0x0000000760000000)
  object space 195072K, 95% used [0x00000006a0000000,0x00000006ab6da258,0x00000006abe80000)
 Metaspace       used 135309K, capacity 142342K, committed 143704K, reserved 1175552K
  class space    used 16857K, capacity 18046K, committed 18304K, reserved 1048576K
Event: 38717.995 GC heap after
Heap after GC invocations=84 (full 8):
 PSYoungGen      total 1234432K, used 0K [0x0000000760000000, 0x00000007c0000000, 0x00000007c0000000)
  eden space 1204224K, 0% used [0x0000000760000000,0x0000000760000000,0x00000007a9800000)
  from space 30208K, 0% used [0x00000007ae700000,0x00000007ae700000,0x00000007b0480000)
  to   space 80896K, 0% used [0x00000007a9800000,0x00000007a9800000,0x00000007ae700000)
 ParOldGen       total 205312K, used 97602K [0x00000006a0000000, 0x00000006ac880000, 0x0000000760000000)
  object space 205312K, 47% used [0x00000006a0000000,0x00000006a5f50998,0x00000006ac880000)
 Metaspace       used 135106K, capacity 142006K, committed 143704K, reserved 1175552K
  class space    used 16827K, capacity 17990K, committed 18304K, reserved 1048576K
}

